{
  "stats": {
    "suites": 1,
    "tests": 1,
    "passes": 1,
    "pending": 0,
    "failures": 0,
    "start": "2025-04-22T01:49:32.385Z",
    "end": "2025-04-22T01:49:37.777Z",
    "duration": 5392,
    "testsRegistered": 1,
    "passPercent": 100,
    "pendingPercent": 0,
    "other": 0,
    "hasOther": false,
    "skipped": 0,
    "hasSkipped": false
  },
  "results": [
    {
      "uuid": "201c3dc0-49f3-4e49-b75e-4646e5994a32",
      "title": "",
      "fullFile": "cypress\\e2e\\tests\\TestProductPurchase.spec.ts",
      "file": "cypress\\e2e\\tests\\TestProductPurchase.spec.ts",
      "beforeHooks": [],
      "afterHooks": [],
      "tests": [],
      "suites": [
        {
          "uuid": "3836ba50-f280-4e28-8b8d-41389db7ea1e",
          "title": "Verify lowest & highest priced product putchase",
          "fullFile": "",
          "file": "",
          "beforeHooks": [],
          "afterHooks": [],
          "tests": [
            {
              "title": "should add the lowest & highest priced products to cart then checkout",
              "fullTitle": "Verify lowest & highest priced product putchase should add the lowest & highest priced products to cart then checkout",
              "timedOut": null,
              "duration": 4781,
              "state": "passed",
              "speed": "fast",
              "pass": true,
              "fail": false,
              "pending": false,
              "context": null,
              "code": "//add the lowest & highest priced\nInventoryPage_1.default.sortProductsByPrice('Price (low to high)');\nInventoryPage_1.default.addFirstProductToCart(); // Add lowest priced product\nInventoryPage_1.default.sortProductsByPrice('Price (high to low)');\nInventoryPage_1.default.addFirstProductToCart(); // Add highest priced product\n//Checkout\nCartPage_1.default.gotoMyCart();\nCartPage_1.default.clickCheckout();\nCheckoutPage_1.default.fillUserInformation(storage_json_1.default.standard_user.fastname, storage_json_1.default.standard_user.lastname, storage_json_1.default.standard_user.postalcode);\nCheckoutPage_1.default.clickContinueButton();\nCheckoutPage_1.default.verifySelectedProducts(storage_json_1.default.products.lowestPricedProduct, storage_json_1.default.products.highestPricedProduct);\nCheckoutPage_1.default.clickFinishButton();\nCheckoutPage_1.default.VerifyProductOrderSuccessful('Thank you for your order!');",
              "err": {},
              "uuid": "73f33dcd-bf9c-49c3-af56-530e64338424",
              "parentUUID": "3836ba50-f280-4e28-8b8d-41389db7ea1e",
              "isHook": false,
              "skipped": false
            }
          ],
          "suites": [],
          "passes": [
            "73f33dcd-bf9c-49c3-af56-530e64338424"
          ],
          "failures": [],
          "pending": [],
          "skipped": [],
          "duration": 4781,
          "root": false,
          "rootEmpty": false,
          "_timeout": 2000
        }
      ],
      "passes": [],
      "failures": [],
      "pending": [],
      "skipped": [],
      "duration": 0,
      "root": true,
      "rootEmpty": true,
      "_timeout": 2000
    }
  ],
  "meta": {
    "mocha": {
      "version": "7.2.0"
    },
    "mochawesome": {
      "options": {
        "quiet": false,
        "reportFilename": "mochawesome",
        "saveHtml": true,
        "saveJson": true,
        "consoleReporter": "spec",
        "useInlineDiffs": false,
        "code": true
      },
      "version": "7.1.3"
    },
    "marge": {
      "options": {
        "reportDir": "cypress/reports",
        "overwrite": true,
        "html": true,
        "json": true,
        "includeScreenshots": true
      },
      "version": "6.2.0"
    }
  }
}