{
  "stats": {
    "suites": 1,
    "tests": 1,
    "passes": 1,
    "pending": 0,
    "failures": 0,
    "start": "2025-04-17T16:12:10.007Z",
    "end": "2025-04-17T16:12:14.677Z",
    "duration": 4670,
    "testsRegistered": 1,
    "passPercent": 100,
    "pendingPercent": 0,
    "other": 0,
    "hasOther": false,
    "skipped": 0,
    "hasSkipped": false
  },
  "results": [
    {
      "uuid": "945cc4e0-0dd0-40b8-b0f7-96f71aee849d",
      "title": "",
      "fullFile": "cypress\\e2e\\tests\\TestProductPurchase.spec.ts",
      "file": "cypress\\e2e\\tests\\TestProductPurchase.spec.ts",
      "beforeHooks": [],
      "afterHooks": [],
      "tests": [],
      "suites": [
        {
          "uuid": "e5ca23ca-64c9-4f6f-99bf-8ba260abf39e",
          "title": "Verify lowest & highest priced product putchase",
          "fullFile": "",
          "file": "",
          "beforeHooks": [],
          "afterHooks": [],
          "tests": [
            {
              "title": "should identify and add the lowest & highest priced products finally checkout",
              "fullTitle": "Verify lowest & highest priced product putchase should identify and add the lowest & highest priced products finally checkout",
              "timedOut": null,
              "duration": 4154,
              "state": "passed",
              "speed": "fast",
              "pass": true,
              "fail": false,
              "pending": false,
              "context": null,
              "code": "//add the lowest & highest priced\nInventoryPage_1.default.sortProductsByPrice('Price (low to high)');\nInventoryPage_1.default.addFirstProductToCart(); // Add lowest priced product\nInventoryPage_1.default.sortProductsByPrice('Price (high to low)');\nInventoryPage_1.default.addFirstProductToCart(); // Add highest priced product\n//Checkout\nCartPage_1.default.gotoMyCart();\nCartPage_1.default.doCheckout();\nCheckoutPage_1.default.fillUserInformation(storage_json_1.default.standard_user.fastname, storage_json_1.default.standard_user.lastname, storage_json_1.default.standard_user.postalcode);\nCheckoutPage_1.default.clickContinueButton();\nCheckoutPage_1.default.verifySelectedProducts(storage_json_1.default.products.lowestPricedProduct, storage_json_1.default.products.highestPricedProduct);\nCheckoutPage_1.default.clickFinishButton();\nCheckoutPage_1.default.VerifyProductOrderSuccessful('Thank you for your order!');",
              "err": {},
              "uuid": "ef99d511-85e2-4aa3-b145-b9ace649fc98",
              "parentUUID": "e5ca23ca-64c9-4f6f-99bf-8ba260abf39e",
              "isHook": false,
              "skipped": false
            }
          ],
          "suites": [],
          "passes": [
            "ef99d511-85e2-4aa3-b145-b9ace649fc98"
          ],
          "failures": [],
          "pending": [],
          "skipped": [],
          "duration": 4154,
          "root": false,
          "rootEmpty": false,
          "_timeout": 2000
        }
      ],
      "passes": [],
      "failures": [],
      "pending": [],
      "skipped": [],
      "duration": 0,
      "root": true,
      "rootEmpty": true,
      "_timeout": 2000
    }
  ],
  "meta": {
    "mocha": {
      "version": "7.2.0"
    },
    "mochawesome": {
      "options": {
        "quiet": false,
        "reportFilename": "mochawesome",
        "saveHtml": true,
        "saveJson": true,
        "consoleReporter": "spec",
        "useInlineDiffs": false,
        "code": true
      },
      "version": "7.1.3"
    },
    "marge": {
      "options": {
        "reportDir": "cypress/reports",
        "overwrite": true,
        "html": true,
        "json": true,
        "includeScreenshots": true
      },
      "version": "6.2.0"
    }
  }
}